<?xml version="1.0" encoding="UTF-8"?>
<testng-results ignored="0" total="3" passed="3" failed="0" skipped="0">
  <reporter-output>
  </reporter-output>
  <suite started-at="2023-05-11T18:45:21 CEST" name="Default Suite" finished-at="2023-05-11T18:45:21 CEST" duration-ms="92">
    <groups>
    </groups>
    <test started-at="2023-05-11T18:45:21 CEST" name="ZoranSelenium" finished-at="2023-05-11T18:45:21 CEST" duration-ms="92">
      <class name="DataProviderExample">
        <test-method signature="loginTest(java.lang.String,java.lang.String)[pri:0, instance:DataProviderExample@3d34d211]" started-at="2023-05-11T18:45:21 CEST" name="loginTest" data-provider="LoginDataProvider" finished-at="2023-05-11T18:45:21 CEST" duration-ms="4" status="PASS">
          <params>
            <param index="0">
              <value>
                <![CDATA[zoki@gmail.com]]>
              </value>
            </param>
            <param index="1">
              <value>
                <![CDATA[zoki]]>
              </value>
            </param>
          </params>
          <reporter-output>
          </reporter-output>
        </test-method> <!-- loginTest -->
        <test-method signature="loginTest(java.lang.String,java.lang.String)[pri:0, instance:DataProviderExample@3d34d211]" started-at="2023-05-11T18:45:21 CEST" name="loginTest" data-provider="LoginDataProvider" finished-at="2023-05-11T18:45:21 CEST" duration-ms="1" status="PASS">
          <params>
            <param index="0">
              <value>
                <![CDATA[zoran@gmail.com]]>
              </value>
            </param>
            <param index="1">
              <value>
                <![CDATA[zoran]]>
              </value>
            </param>
          </params>
          <reporter-output>
          </reporter-output>
        </test-method> <!-- loginTest -->
        <test-method signature="loginTest(java.lang.String,java.lang.String)[pri:0, instance:DataProviderExample@3d34d211]" started-at="2023-05-11T18:45:21 CEST" name="loginTest" data-provider="LoginDataProvider" finished-at="2023-05-11T18:45:21 CEST" duration-ms="0" status="PASS">
          <params>
            <param index="0">
              <value>
                <![CDATA[mali@gmail.com]]>
              </value>
            </param>
            <param index="1">
              <value>
                <![CDATA[mali]]>
              </value>
            </param>
          </params>
          <reporter-output>
          </reporter-output>
        </test-method> <!-- loginTest -->
      </class> <!-- DataProviderExample -->
    </test> <!-- ZoranSelenium -->
  </suite> <!-- Default Suite -->
</testng-results>
